<?xml version="1.0" encoding="UTF-8"?>
<!-- Generated by org.testng.reporters.JUnitReportReporter -->
<testsuite skipped="0" hostname="A901LMAA" name="com.test.TestNGFeatures" tests="4" failures="0" timestamp="13 Feb 2020 19:08:29 GMT" time="0.021" errors="0">
  <testcase name="Homepage" time="0.002" classname="com.test.TestNGFeatures"/>
  <testcase name="Homepage1" time="0.004" classname="com.test.TestNGFeatures"/>
  <testcase name="LoginTest" time="0.013" classname="com.test.TestNGFeatures"/>
  <testcase name="Search" time="0.002" classname="com.test.TestNGFeatures"/>
</testsuite> <!-- com.test.TestNGFeatures -->
