<?xml version="1.0" encoding="UTF-8"?>
<!-- Generated by org.testng.reporters.JUnitReportReporter -->
<testsuite skipped="0" hostname="A901LMAA" name="com.test.TestNgBasics" tests="2" failures="0" timestamp="13 Feb 2020 17:43:02 GMT" time="0.015" errors="0">
  <testcase name="test2" time="0.007" classname="com.test.TestNgBasics"/>
  <testcase name="test1" time="0.008" classname="com.test.TestNgBasics"/>
</testsuite> <!-- com.test.TestNgBasics -->
