<?xml version="1.0" encoding="UTF-8"?>
<!-- Generated by org.testng.reporters.JUnitReportReporter -->
<testsuite skipped="0" hostname="A901LMAA" name="com.test.InvacationCountTest" tests="10" failures="0" timestamp="13 Feb 2020 18:27:40 GMT" time="0.029" errors="0">
  <testcase name="LoginTest" time="0.010" classname="com.test.InvacationCountTest"/>
  <testcase name="LoginTest" time="0.002" classname="com.test.InvacationCountTest"/>
  <testcase name="LoginTest" time="0.002" classname="com.test.InvacationCountTest"/>
  <testcase name="LoginTest" time="0.002" classname="com.test.InvacationCountTest"/>
  <testcase name="LoginTest" time="0.002" classname="com.test.InvacationCountTest"/>
  <testcase name="LoginTest" time="0.001" classname="com.test.InvacationCountTest"/>
  <testcase name="LoginTest" time="0.001" classname="com.test.InvacationCountTest"/>
  <testcase name="LoginTest" time="0.005" classname="com.test.InvacationCountTest"/>
  <testcase name="LoginTest" time="0.002" classname="com.test.InvacationCountTest"/>
  <testcase name="LoginTest" time="0.002" classname="com.test.InvacationCountTest"/>
</testsuite> <!-- com.test.InvacationCountTest -->
