<?xml version="1.0" encoding="UTF-8"?>
<!-- Generated by org.testng.reporters.JUnitReportReporter -->
<testsuite skipped="0" hostname="A901LMAA" name="com.test.GoogleTest" tests="3" failures="0" timestamp="13 Feb 2020 19:08:29 GMT" time="46.518" errors="0">
  <testcase name="GoogleTitleTest" time="15.919" classname="com.test.GoogleTest"/>
  <testcase name="GoogleImage" time="16.195" classname="com.test.GoogleTest"/>
  <testcase name="Googleprint" time="14.404" classname="com.test.GoogleTest"/>
</testsuite> <!-- com.test.GoogleTest -->
